2026-02-20T22:47:15.947536Z  INFO tailwindcss_oxide::scanner: Provided sources:
2026-02-20T22:47:15.949017Z  INFO tailwindcss_oxide::scanner: Source: PublicSourceEntry { base: "/Users/tenebrisx/nava-website", pattern: "**/*", negated: false }
2026-02-20T22:47:15.949731Z  INFO tailwindcss_oxide::scanner: Optimized sources:
2026-02-20T22:47:15.949738Z  INFO tailwindcss_oxide::scanner: Source: Auto { base: "/Users/tenebrisx/nava-website" }
2026-02-20T22:47:15.952513Z  INFO discover_sources: tailwindcss_oxide::scanner: enter
2026-02-20T22:47:15.952533Z  INFO discover_sources:walk_synchronous: tailwindcss_oxide::scanner: enter
2026-02-20T22:47:15.955528Z  INFO discover_sources:walk_synchronous: tailwindcss_oxide::scanner: exit
2026-02-20T22:47:15.956075Z  INFO tailwindcss_oxide::scanner: Reading "/Users/tenebrisx/nava-website/firestore.rules"
2026-02-20T22:47:15.956110Z  INFO tailwindcss_oxide::scanner: Reading "/Users/tenebrisx/nava-website/postcss.config.mjs"
2026-02-20T22:47:15.956256Z  INFO tailwindcss_oxide::scanner: Reading "/Users/tenebrisx/nava-website/.firebaserc"
2026-02-20T22:47:15.956393Z  INFO tailwindcss_oxide::scanner: Reading "/Users/tenebrisx/nava-website/cors.json"
2026-02-20T22:47:15.956550Z  INFO tailwindcss_oxide::scanner: Reading "/Users/tenebrisx/nava-website/README.md"
2026-02-20T22:47:15.956698Z  INFO tailwindcss_oxide::scanner: Reading "/Users/tenebrisx/nava-website/public/file.svg"
2026-02-20T22:47:15.956890Z  INFO tailwindcss_oxide::scanner: Reading "/Users/tenebrisx/nava-website/public/vercel.svg"
2026-02-20T22:47:15.957030Z  INFO tailwindcss_oxide::scanner: Reading "/Users/tenebrisx/nava-website/public/next.svg"
2026-02-20T22:47:15.957834Z  INFO tailwindcss_oxide::scanner: Reading "/Users/tenebrisx/nava-website/src/app/(website)/team/page.tsx"
2026-02-20T22:47:15.957893Z  INFO tailwindcss_oxide::scanner: Reading "/Users/tenebrisx/nava-website/src/app/(website)/layout.tsx"
2026-02-20T22:47:15.957936Z  INFO tailwindcss_oxide::scanner: Reading "/Users/tenebrisx/nava-website/src/app/(website)/events/[id]/page.tsx"
2026-02-20T22:47:15.957959Z  INFO tailwindcss_oxide::scanner: Reading "/Users/tenebrisx/nava-website/src/app/(website)/events/page.tsx"
2026-02-20T22:47:15.957995Z  INFO tailwindcss_oxide::scanner: Reading "/Users/tenebrisx/nava-website/src/app/(website)/story/page.tsx"
2026-02-20T22:47:15.957998Z  INFO tailwindcss_oxide::scanner: Reading "/Users/tenebrisx/nava-website/public/globe.svg"
2026-02-20T22:47:15.958055Z  INFO tailwindcss_oxide::scanner: Reading "/Users/tenebrisx/nava-website/src/app/(website)/building/page.tsx"
2026-02-20T22:47:15.959704Z  INFO tailwindcss_oxide::scanner: Reading "/Users/tenebrisx/nava-website/src/components/blocks/TextBlock.tsx"
2026-02-20T22:47:15.959811Z  INFO tailwindcss_oxide::scanner: Reading "/Users/tenebrisx/nava-website/src/components/ProjectShowcase.tsx"
2026-02-20T22:47:15.959709Z  INFO tailwindcss_oxide::scanner: Reading "/Users/tenebrisx/nava-website/public/window.svg"
2026-02-20T22:47:15.959803Z  INFO tailwindcss_oxide::scanner: Reading "/Users/tenebrisx/nava-website/src/components/anim/NavaLoadingSpinner.tsx"
2026-02-20T22:47:15.960367Z  INFO tailwindcss_oxide::scanner: Reading "/Users/tenebrisx/nava-website/src/app/admin/events/editor/page.tsx"
2026-02-20T22:47:15.960373Z  INFO tailwindcss_oxide::scanner: Reading "/Users/tenebrisx/nava-website/src/components/ProjectPostDetail.tsx"
2026-02-20T22:47:15.960581Z  INFO tailwindcss_oxide::scanner: Reading "/Users/tenebrisx/nava-website/src/components/BlogPostDetail.tsx"
2026-02-20T22:47:15.960588Z  INFO tailwindcss_oxide::scanner: Reading "/Users/tenebrisx/nava-website/src/components/blocks/HeroBlock.tsx"
2026-02-20T22:47:15.960608Z  INFO tailwindcss_oxide::scanner: Reading "/Users/tenebrisx/nava-website/src/app/admin/page.tsx"
2026-02-20T22:47:15.960632Z  INFO tailwindcss_oxide::scanner: Reading "/Users/tenebrisx/nava-website/src/app/layout.tsx"
2026-02-20T22:47:15.960657Z  INFO tailwindcss_oxide::scanner: Reading "/Users/tenebrisx/nava-website/src/app/coming-soon/page.tsx"
2026-02-20T22:47:15.960664Z  INFO tailwindcss_oxide::scanner: Reading "/Users/tenebrisx/nava-website/src/app/admin/projects/page.tsx"
2026-02-20T22:47:15.960701Z  INFO tailwindcss_oxide::scanner: Reading "/Users/tenebrisx/nava-website/src/app/admin/projects/editor/page.tsx"
2026-02-20T22:47:15.960720Z  INFO tailwindcss_oxide::scanner: Reading "/Users/tenebrisx/nava-website/src/app/admin/catalog/page.tsx"
2026-02-20T22:47:15.960754Z  INFO tailwindcss_oxide::scanner: Reading "/Users/tenebrisx/nava-website/src/components/CatalogClient.tsx"
2026-02-20T22:47:15.960796Z  INFO tailwindcss_oxide::scanner: Reading "/Users/tenebrisx/nava-website/src/components/EventPageClient.tsx"
2026-02-20T22:47:15.960827Z  INFO tailwindcss_oxide::scanner: Reading "/Users/tenebrisx/nava-website/src/app/template.tsx"
2026-02-20T22:47:15.960858Z  INFO tailwindcss_oxide::scanner: Reading "/Users/tenebrisx/nava-website/package.json"
2026-02-20T22:47:15.960882Z  INFO tailwindcss_oxide::scanner: Reading "/Users/tenebrisx/nava-website/tsconfig.json"
2026-02-20T22:47:15.960903Z  INFO tailwindcss_oxide::scanner: Reading "/Users/tenebrisx/nava-website/src/components/TeamMemberDetail.tsx"
2026-02-20T22:47:15.960634Z  INFO tailwindcss_oxide::scanner: Reading "/Users/tenebrisx/nava-website/src/app/admin/login/page.tsx"
2026-02-20T22:47:15.960934Z  INFO tailwindcss_oxide::scanner: Reading "/Users/tenebrisx/nava-website/src/components/blocks/GalleryBlock.tsx"
2026-02-20T22:47:15.960956Z  INFO tailwindcss_oxide::scanner: Reading "/Users/tenebrisx/nava-website/src/components/ArtworkDetail.tsx"
2026-02-20T22:47:15.960988Z  INFO tailwindcss_oxide::scanner: Reading "/Users/tenebrisx/nava-website/src/components/anim/StaggeredGrid.tsx"
2026-02-20T22:47:15.961006Z  INFO tailwindcss_oxide::scanner: Reading "/Users/tenebrisx/nava-website/firebase.json"
2026-02-20T22:47:15.961019Z  INFO tailwindcss_oxide::scanner: Reading "/Users/tenebrisx/nava-website/src/components/Footer.tsx"
2026-02-20T22:47:15.961057Z  INFO tailwindcss_oxide::scanner: Reading "/Users/tenebrisx/nava-website/src/components/blocks/SplitContentBlock.tsx"
2026-02-20T22:47:15.961068Z  INFO tailwindcss_oxide::scanner: Reading "/Users/tenebrisx/nava-website/src/components/ManifestoBlock.tsx"
2026-02-20T22:47:15.961099Z  INFO tailwindcss_oxide::scanner: Reading "/Users/tenebrisx/nava-website/src/components/anim/MagneticButton.tsx"
2026-02-20T22:47:15.961162Z  INFO tailwindcss_oxide::scanner: Reading "/Users/tenebrisx/nava-website/src/components/FullScreenMenu.tsx"
2026-02-20T22:47:15.961165Z  INFO tailwindcss_oxide::scanner: Reading "/Users/tenebrisx/nava-website/src/app/page.tsx"
2026-02-20T22:47:15.961202Z  INFO tailwindcss_oxide::scanner: Reading "/Users/tenebrisx/nava-website/src/components/blocks/SmartHeroBlock.tsx"
2026-02-20T22:47:15.961281Z  INFO tailwindcss_oxide::scanner: Reading "/Users/tenebrisx/nava-website/src/components/ContentFeed.tsx"
2026-02-20T22:47:15.961326Z  INFO tailwindcss_oxide::scanner: Reading "/Users/tenebrisx/nava-website/src/components/anim/ScrollRevealText.tsx"
2026-02-20T22:47:15.961380Z  INFO tailwindcss_oxide::scanner: Reading "/Users/tenebrisx/nava-website/src/app/admin/catalog/editor/page.tsx"
2026-02-20T22:47:15.961393Z  INFO tailwindcss_oxide::scanner: Reading "/Users/tenebrisx/nava-website/src/components/anim/NavaLogo.tsx"
2026-02-20T22:47:15.961430Z  INFO tailwindcss_oxide::scanner: Reading "/Users/tenebrisx/nava-website/src/components/IntroSection.tsx"
2026-02-20T22:47:15.961446Z  INFO tailwindcss_oxide::scanner: Reading "/Users/tenebrisx/nava-website/src/components/anim/NavaLogoRef.tsx"
2026-02-20T22:47:15.961492Z  INFO tailwindcss_oxide::scanner: Reading "/Users/tenebrisx/nava-website/src/app/admin/components/ui/ConfirmDialog.tsx"
2026-02-20T22:47:15.961495Z  INFO tailwindcss_oxide::scanner: Reading "/Users/tenebrisx/nava-website/src/components/anim/PulsingGrid.tsx"
2026-02-20T22:47:15.961514Z  INFO tailwindcss_oxide::scanner: Reading "/Users/tenebrisx/nava-website/src/components/anim/SmoothScroll.tsx"
2026-02-20T22:47:15.961529Z  INFO tailwindcss_oxide::scanner: Reading "/Users/tenebrisx/nava-website/src/components/anim/NoiseOverlay.tsx"
2026-02-20T22:47:15.961538Z  INFO tailwindcss_oxide::scanner: Reading "/Users/tenebrisx/nava-website/src/components/Header.tsx"
2026-02-20T22:47:15.961549Z  INFO tailwindcss_oxide::scanner: Reading "/Users/tenebrisx/nava-website/src/components/anim/NavMorphLogo.tsx"
2026-02-20T22:47:15.961563Z  INFO tailwindcss_oxide::scanner: Reading "/Users/tenebrisx/nava-website/src/app/archive/programs/page.tsx"
2026-02-20T22:47:15.961579Z  INFO tailwindcss_oxide::scanner: Reading "/Users/tenebrisx/nava-website/src/app/archive/manifesto/page.tsx"
2026-02-20T22:47:15.961594Z  INFO tailwindcss_oxide::scanner: Reading "/Users/tenebrisx/nava-website/src/app/archive/page.tsx"
2026-02-20T22:47:15.961610Z  INFO tailwindcss_oxide::scanner: Reading "/Users/tenebrisx/nava-website/src/app/icon.tsx"
2026-02-20T22:47:15.961620Z  INFO tailwindcss_oxide::scanner: Reading "/Users/tenebrisx/nava-website/src/app/admin/components/AdminShared.tsx"
2026-02-20T22:47:15.961626Z  INFO tailwindcss_oxide::scanner: Reading "/Users/tenebrisx/nava-website/src/app/admin/posts/page.tsx"
2026-02-20T22:47:15.961638Z  INFO tailwindcss_oxide::scanner: Reading "/Users/tenebrisx/nava-website/src/components/anim/CustomCursor.tsx"
2026-02-20T22:47:15.961643Z  INFO tailwindcss_oxide::scanner: Reading "/Users/tenebrisx/nava-website/src/app/admin/posts/editor/page.tsx"
2026-02-20T22:47:15.961666Z  INFO tailwindcss_oxide::scanner: Reading "/Users/tenebrisx/nava-website/src/app/admin/components/DashboardWidgets.tsx"
2026-02-20T22:47:15.961743Z  INFO tailwindcss_oxide::scanner: Reading "/Users/tenebrisx/nava-website/src/context/AuthContext.tsx"
2026-02-20T22:47:15.961769Z  INFO tailwindcss_oxide::scanner: Reading "/Users/tenebrisx/nava-website/src/app/admin/context/ToastContext.tsx"
2026-02-20T22:47:15.961785Z  INFO tailwindcss_oxide::scanner: Reading "/Users/tenebrisx/nava-website/src/app/(website)/about/page.tsx"
2026-02-20T22:47:15.961799Z  INFO tailwindcss_oxide::scanner: Reading "/Users/tenebrisx/nava-website/src/app/(website)/newlogo/page.tsx"
2026-02-20T22:47:15.961813Z  INFO tailwindcss_oxide::scanner: Reading "/Users/tenebrisx/nava-website/src/app/(website)/blog/[id]/page.tsx"
2026-02-20T22:47:15.961827Z  INFO tailwindcss_oxide::scanner: Reading "/Users/tenebrisx/nava-website/src/app/(website)/blog/page.tsx"
2026-02-20T22:47:15.961842Z  INFO tailwindcss_oxide::scanner: Reading "/Users/tenebrisx/nava-website/src/app/admin/components/ImageUpload.tsx"
2026-02-20T22:47:15.961859Z  INFO tailwindcss_oxide::scanner: Reading "/Users/tenebrisx/nava-website/src/context/LanguageContext.tsx"
2026-02-20T22:47:15.961862Z  INFO tailwindcss_oxide::scanner: Reading "/Users/tenebrisx/nava-website/src/app/admin/team/page.tsx"
2026-02-20T22:47:15.961875Z  INFO tailwindcss_oxide::scanner: Reading "/Users/tenebrisx/nava-website/src/app/archive/visit/page.tsx"
2026-02-20T22:47:15.961880Z  INFO tailwindcss_oxide::scanner: Reading "/Users/tenebrisx/nava-website/src/app/admin/team/editor/page.tsx"
2026-02-20T22:47:15.961892Z  INFO tailwindcss_oxide::scanner: Reading "/Users/tenebrisx/nava-website/src/app/(website)/projects/page.tsx"
2026-02-20T22:47:15.961895Z  INFO tailwindcss_oxide::scanner: Reading "/Users/tenebrisx/nava-website/src/app/admin/layout.tsx"
2026-02-20T22:47:15.961908Z  INFO tailwindcss_oxide::scanner: Reading "/Users/tenebrisx/nava-website/src/app/(website)/catalog/[id]/page.tsx"
2026-02-20T22:47:15.961919Z  INFO tailwindcss_oxide::scanner: Reading "/Users/tenebrisx/nava-website/src/app/admin/subscribers/page.tsx"
2026-02-20T22:47:15.961930Z  INFO tailwindcss_oxide::scanner: Reading "/Users/tenebrisx/nava-website/src/app/(website)/projects/[id]/page.tsx"
2026-02-20T22:47:15.961935Z  INFO tailwindcss_oxide::scanner: Reading "/Users/tenebrisx/nava-website/src/app/admin/events/page.tsx"
2026-02-20T22:47:15.962126Z  INFO tailwindcss_oxide::scanner: Reading "/Users/tenebrisx/nava-website/src/components/EventDetail.tsx"
2026-02-20T22:47:15.962252Z  INFO tailwindcss_oxide::scanner: Reading "/Users/tenebrisx/nava-website/src/hooks/useAutoSave.ts"
2026-02-20T22:47:15.962279Z  INFO tailwindcss_oxide::scanner: Reading "/Users/tenebrisx/nava-website/src/components/ProjectPostClient.tsx"
2026-02-20T22:47:15.962427Z  INFO tailwindcss_oxide::scanner: Reading "/Users/tenebrisx/nava-website/src/components/HomeExhibition.tsx"
2026-02-20T22:47:15.962448Z  INFO tailwindcss_oxide::scanner: Reading "/Users/tenebrisx/nava-website/src/components/TeamMemberClient.tsx"
2026-02-20T22:47:15.962575Z  INFO tailwindcss_oxide::scanner: Reading "/Users/tenebrisx/nava-website/src/components/HomeJournal.tsx"
2026-02-20T22:47:15.962594Z  INFO tailwindcss_oxide::scanner: Reading "/Users/tenebrisx/nava-website/src/components/BlogPostClient.tsx"
2026-02-20T22:47:15.962722Z  INFO tailwindcss_oxide::scanner: Reading "/Users/tenebrisx/nava-website/src/components/HomePrograms.tsx"
2026-02-20T22:47:15.962740Z  INFO tailwindcss_oxide::scanner: Reading "/Users/tenebrisx/nava-website/src/components/LoadingScreen.tsx"
2026-02-20T22:47:15.962756Z  INFO tailwindcss_oxide::scanner: Reading "/Users/tenebrisx/nava-website/next.config.ts"
2026-02-20T22:47:15.960935Z  INFO tailwindcss_oxide::scanner: Reading "/Users/tenebrisx/nava-website/src/app/(website)/current-exhibition/page.tsx"
2026-02-20T22:47:15.963139Z  INFO tailwindcss_oxide::scanner: Reading "/Users/tenebrisx/nava-website/src/lib/firebase.ts"
2026-02-20T22:47:15.963154Z  INFO tailwindcss_oxide::scanner: Reading "/Users/tenebrisx/nava-website/src/app/(website)/info/page.tsx"
2026-02-20T22:47:15.963168Z  INFO tailwindcss_oxide::scanner: Reading "/Users/tenebrisx/nava-website/src/app/(website)/team/[id]/page.tsx"
2026-02-20T22:47:15.961069Z  INFO tailwindcss_oxide::scanner: Reading "/Users/tenebrisx/nava-website/eslint.config.mjs"
2026-02-20T22:47:15.961190Z  INFO tailwindcss_oxide::scanner: Reading "/Users/tenebrisx/nava-website/src/components/BrandShowcase.tsx"
2026-02-20T22:47:15.961203Z  INFO tailwindcss_oxide::scanner: Reading "/Users/tenebrisx/nava-website/src/components/anim/PageTransition.tsx"
2026-02-20T22:47:15.961645Z  INFO tailwindcss_oxide::scanner: Reading "/Users/tenebrisx/nava-website/src/components/Navigation.tsx"
2026-02-20T22:47:15.961843Z  INFO tailwindcss_oxide::scanner: Reading "/Users/tenebrisx/nava-website/src/app/(website)/mission/page.tsx"
2026-02-20T22:47:15.966015Z  INFO tailwindcss_oxide::scanner: Reading "/Users/tenebrisx/nava-website/src/hooks/useSmartEvent.ts"
2026-02-20T22:47:15.962889Z  INFO tailwindcss_oxide::scanner: Reading "/Users/tenebrisx/nava-website/firestore.indexes.json"
2026-02-20T22:47:15.980491Z  INFO discover_sources: tailwindcss_oxide::scanner: exit
2026-02-20T22:47:15.980521Z  INFO extract_candidates: tailwindcss_oxide::scanner: enter
2026-02-20T22:47:15.980525Z  INFO extract_candidates:parse_all_blobs: tailwindcss_oxide::scanner: enter
2026-02-20T22:47:15.980530Z  INFO extract_candidates:parse_all_blobs:extract: tailwindcss_oxide::scanner: enter
2026-02-20T22:47:15.995351Z  INFO extract_candidates:parse_all_blobs:extract: tailwindcss_oxide::scanner: exit
2026-02-20T22:47:15.995436Z  INFO extract_candidates:parse_all_blobs: tailwindcss_oxide::scanner: exit
2026-02-20T22:47:15.995453Z  INFO extract_candidates:read_all_files: tailwindcss_oxide::scanner: enter
2026-02-20T22:47:15.995463Z  INFO extract_candidates:read_all_files: tailwindcss_oxide::scanner: Reading 3 file(s)
2026-02-20T22:47:15.996511Z  INFO tailwindcss_oxide::scanner: Reading "/Users/tenebrisx/nava-website/src/app/globals.css"
2026-02-20T22:47:15.996965Z  INFO tailwindcss_oxide::scanner: Reading "/Users/tenebrisx/nava-website/src/components/anim/NavaLoadingSpinner.module.css"
2026-02-20T22:47:15.997006Z  INFO tailwindcss_oxide::scanner: Reading "/Users/tenebrisx/nava-website/src/components/anim/NavaLogoRef.module.css"
2026-02-20T22:47:16.004761Z  INFO extract_candidates:read_all_files: tailwindcss_oxide::scanner: exit
2026-02-20T22:47:16.004792Z  INFO extract_candidates:extract_css_variables: tailwindcss_oxide::scanner: enter
2026-02-20T22:47:16.004796Z  INFO extract_candidates:extract_css_variables:extract: tailwindcss_oxide::scanner: enter
2026-02-20T22:47:16.005014Z  INFO extract_candidates:extract_css_variables:extract: tailwindcss_oxide::scanner: exit
2026-02-20T22:47:16.005060Z  INFO extract_candidates:extract_css_variables: tailwindcss_oxide::scanner: exit
2026-02-20T22:47:16.005627Z  INFO extract_candidates: tailwindcss_oxide::scanner: exit
2026-02-20T22:47:16.006263Z  INFO get_files: tailwindcss_oxide::scanner: enter
2026-02-20T22:47:16.006275Z  INFO get_files:discover_sources: tailwindcss_oxide::scanner: enter
2026-02-20T22:47:16.006280Z  INFO get_files:discover_sources: tailwindcss_oxide::scanner: exit
2026-02-20T22:47:16.006854Z  INFO get_files: tailwindcss_oxide::scanner: exit
2026-02-20T22:47:16.007027Z  INFO get_globs: tailwindcss_oxide::scanner: enter
2026-02-20T22:47:16.007033Z  INFO get_globs:discover_sources: tailwindcss_oxide::scanner: enter
2026-02-20T22:47:16.007037Z  INFO get_globs:discover_sources: tailwindcss_oxide::scanner: exit
2026-02-20T22:47:16.020351Z  INFO get_globs: tailwindcss_oxide::scanner: exit
